{"level":"warn","message":"La ruta /if no fue implementada"}
{"level":"warn","message":"La ruta /info3 no fue implementada"}
{"level":"warn","message":"La ruta /api/socket.io/socket.io.js no fue implementada"}
{"level":"warn","message":"La ruta /api/js/socket-cliente.js no fue implementada"}
{"level":"warn","message":"La ruta /api/socket.io/socket.io.js no fue implementada"}
{"level":"warn","message":"La ruta /api/js/socket-cliente.js no fue implementada"}
{"level":"warn","message":"La ruta /json/version no fue implementada"}
{"level":"warn","message":"La ruta /json/version no fue implementada"}
{"level":"warn","message":"La ruta /json no fue implementada"}
{"level":"warn","message":"La ruta /json/version no fue implementada"}
{"level":"warn","message":"La ruta /json/version no fue implementada"}
{"level":"warn","message":"La ruta /json/version no fue implementada"}
{"level":"warn","message":"La ruta /json/version no fue implementada"}
{"level":"warn","message":"La ruta /json/version no fue implementada"}
{"level":"warn","message":"La ruta /2 no fue implementada"}
{"level":"warn","message":"La ruta /2 no fue implementada"}
{"level":"warn","message":"La ruta /2 no fue implementada"}
{"level":"warn","message":"La ruta /api/productos/socket.io/socket.io.js no fue implementada"}
{"level":"warn","message":"La ruta /api/productos/js/socket-cliente.js no fue implementada"}
{"level":"warn","message":"La ruta /api/productos/socket.io/socket.io.js no fue implementada"}
{"level":"warn","message":"La ruta /api/productos/js/socket-cliente.js no fue implementada"}
{"level":"warn","message":"La ruta /images/icons/gear.png no fue implementada"}
{"level":"warn","message":"La ruta /images/icons/gear.png no fue implementada"}
